<?xml version="1.0" encoding="UTF-8"?>
<!-- Generated by org.testng.reporters.JUnitXMLReporter -->
<testsuite hostname="Sanghavis-MacBook-Air.local" ignored="0" name="Test" tests="4" failures="0" timestamp="2021-04-03T16:03:33 EDT" time="33.378" errors="0">
  <testcase name="invokingRegistrationPage" time="6.654" classname="E2EProject.calenderApp.regPageValidation"/>
  <testcase name="invokingRegistrationPage" time="9.368" classname="E2EProject.calenderApp.regPageValidation"/>
  <testcase name="invokingLoginPage" time="8.637" classname="E2EProject.calenderApp.LoginValidation"/>
  <testcase name="invokingLoginPage" time="8.343" classname="E2EProject.calenderApp.LoginValidation"/>
</testsuite> <!-- Test -->
